WARNING: A restricted method in java.lang.System has been called
WARNING: java.lang.System::load has been called by net.rubygrapefruit.platform.internal.NativeLibraryLoader in an unnamed module (file:/home/johannes/.gradle/wrapper/dists/gradle-9.1.0-bin/9agqghryom9wkf8r80qlhnts3/gradle-9.1.0/lib/native-platform-0.22-milestone-28.jar)
WARNING: Use --enable-native-access=ALL-UNNAMED to avoid a warning for callers in this module
WARNING: Restricted methods will be blocked in a future release unless native access is enabled

> Task :sirix-core:clean

> Task :sirix-core:compileJava
Note: Some input files use or override a deprecated API.
Note: Recompile with -Xlint:deprecation for details.
Note: Some input files use unchecked or unsafe operations.
Note: Recompile with -Xlint:unchecked for details.

> Task :sirix-core:processResources
> Task :sirix-core:classes

> Task :sirix-core:compileTestJava FAILED
/home/johannes/IdeaProjects/sirix/bundles/sirix-core/src/test/java/io/sirix/io/TestSerialisationPerf.java:361: warning: [removal] arrayBaseOffset(Class<?>) in Unsafe has been deprecated and marked for removal
      .arrayBaseOffset(byte[].class);
      ^
/home/johannes/IdeaProjects/sirix/bundles/sirix-core/src/test/java/io/sirix/io/TestSerialisationPerf.java:363: warning: [removal] arrayBaseOffset(Class<?>) in Unsafe has been deprecated and marked for removal
      .arrayBaseOffset(long[].class);
      ^
/home/johannes/IdeaProjects/sirix/bundles/sirix-core/src/test/java/io/sirix/io/TestSerialisationPerf.java:365: warning: [removal] arrayBaseOffset(Class<?>) in Unsafe has been deprecated and marked for removal
      .arrayBaseOffset(double[].class);
      ^
/home/johannes/IdeaProjects/sirix/bundles/sirix-core/src/test/java/io/sirix/io/TestSerialisationPerf.java:387: warning: [removal] putBoolean(Object,long,boolean) in Unsafe has been deprecated and marked for removal
    unsafe.putBoolean(buffer, byteArrayOffset + pos, value);
          ^
/home/johannes/IdeaProjects/sirix/bundles/sirix-core/src/test/java/io/sirix/io/TestSerialisationPerf.java:392: warning: [removal] getBoolean(Object,long) in Unsafe has been deprecated and marked for removal
    boolean value = unsafe.getBoolean(buffer, byteArrayOffset + pos);
                          ^
/home/johannes/IdeaProjects/sirix/bundles/sirix-core/src/test/java/io/sirix/io/TestSerialisationPerf.java:399: warning: [removal] putInt(Object,long,int) in Unsafe has been deprecated and marked for removal
    unsafe.putInt(buffer, byteArrayOffset + pos, value);
          ^
/home/johannes/IdeaProjects/sirix/bundles/sirix-core/src/test/java/io/sirix/io/TestSerialisationPerf.java:404: warning: [removal] getInt(Object,long) in Unsafe has been deprecated and marked for removal
    int value = unsafe.getInt(buffer, byteArrayOffset + pos);
                      ^
/home/johannes/IdeaProjects/sirix/bundles/sirix-core/src/test/java/io/sirix/io/TestSerialisationPerf.java:411: warning: [removal] putLong(Object,long,long) in Unsafe has been deprecated and marked for removal
    unsafe.putLong(buffer, byteArrayOffset + pos, value);
          ^
/home/johannes/IdeaProjects/sirix/bundles/sirix-core/src/test/java/io/sirix/io/TestSerialisationPerf.java:416: warning: [removal] getLong(Object,long) in Unsafe has been deprecated and marked for removal
    long value = unsafe.getLong(buffer, byteArrayOffset + pos);
                       ^
/home/johannes/IdeaProjects/sirix/bundles/sirix-core/src/test/java/io/sirix/io/TestSerialisationPerf.java:426: warning: [removal] copyMemory(Object,long,Object,long,long) in Unsafe has been deprecated and marked for removal
    unsafe.copyMemory(values, longArrayOffset, buffer, byteArrayOffset
          ^
/home/johannes/IdeaProjects/sirix/bundles/sirix-core/src/test/java/io/sirix/io/TestSerialisationPerf.java:436: warning: [removal] copyMemory(Object,long,Object,long,long) in Unsafe has been deprecated and marked for removal
    unsafe.copyMemory(buffer, byteArrayOffset + pos, values,
          ^
/home/johannes/IdeaProjects/sirix/bundles/sirix-core/src/test/java/io/sirix/io/TestSerialisationPerf.java:447: warning: [removal] copyMemory(Object,long,Object,long,long) in Unsafe has been deprecated and marked for removal
    unsafe.copyMemory(values, doubleArrayOffset, buffer, byteArrayOffset
          ^
/home/johannes/IdeaProjects/sirix/bundles/sirix-core/src/test/java/io/sirix/io/TestSerialisationPerf.java:457: warning: [removal] copyMemory(Object,long,Object,long,long) in Unsafe has been deprecated and marked for removal
    unsafe.copyMemory(buffer, byteArrayOffset + pos, values,
          ^
/home/johannes/IdeaProjects/sirix/bundles/sirix-core/src/test/java/io/sirix/axis/concurrent/ConcurrentAxisTest.java:87: error: cannot find symbol
      var bufferManager = holder.getResourceSession().getResourceManager().getBufferManager();
                                                     ^
  symbol:   method getResourceManager()
  location: interface XmlResourceSession
Note: Some input files use or override a deprecated API.
Note: Recompile with -Xlint:deprecation for details.
Note: Some input files use unchecked or unsafe operations.
Note: Recompile with -Xlint:unchecked for details.
1 error
13 warnings

[Incubating] Problems report is available at: file:///home/johannes/IdeaProjects/sirix/build/reports/problems/problems-report.html

FAILURE: Build failed with an exception.

* What went wrong:
Execution failed for task ':sirix-core:compileTestJava'.
> Compilation failed; see the compiler output below.
  Note: Recompile with -Xlint:deprecation for details.
  Note: Recompile with -Xlint:unchecked for details.
  Note: Some input files use or override a deprecated API.
  /home/johannes/IdeaProjects/sirix/bundles/sirix-core/src/test/java/io/sirix/io/TestSerialisationPerf.java:361: warning: [removal] arrayBaseOffset(Class<?>) in Unsafe has been deprecated and marked for removal
        .arrayBaseOffset(byte[].class);
        ^
  /home/johannes/IdeaProjects/sirix/bundles/sirix-core/src/test/java/io/sirix/io/TestSerialisationPerf.java:363: warning: [removal] arrayBaseOffset(Class<?>) in Unsafe has been deprecated and marked for removal
        .arrayBaseOffset(long[].class);
        ^
  /home/johannes/IdeaProjects/sirix/bundles/sirix-core/src/test/java/io/sirix/io/TestSerialisationPerf.java:365: warning: [removal] arrayBaseOffset(Class<?>) in Unsafe has been deprecated and marked for removal
        .arrayBaseOffset(double[].class);
        ^
  /home/johannes/IdeaProjects/sirix/bundles/sirix-core/src/test/java/io/sirix/io/TestSerialisationPerf.java:387: warning: [removal] putBoolean(Object,long,boolean) in Unsafe has been deprecated and marked for removal
      unsafe.putBoolean(buffer, byteArrayOffset + pos, value);
            ^
  /home/johannes/IdeaProjects/sirix/bundles/sirix-core/src/test/java/io/sirix/io/TestSerialisationPerf.java:392: warning: [removal] getBoolean(Object,long) in Unsafe has been deprecated and marked for removal
      boolean value = unsafe.getBoolean(buffer, byteArrayOffset + pos);
                            ^
  /home/johannes/IdeaProjects/sirix/bundles/sirix-core/src/test/java/io/sirix/io/TestSerialisationPerf.java:399: warning: [removal] putInt(Object,long,int) in Unsafe has been deprecated and marked for removal
      unsafe.putInt(buffer, byteArrayOffset + pos, value);
            ^
  /home/johannes/IdeaProjects/sirix/bundles/sirix-core/src/test/java/io/sirix/io/TestSerialisationPerf.java:404: warning: [removal] getInt(Object,long) in Unsafe has been deprecated and marked for removal
      int value = unsafe.getInt(buffer, byteArrayOffset + pos);
                        ^
  /home/johannes/IdeaProjects/sirix/bundles/sirix-core/src/test/java/io/sirix/io/TestSerialisationPerf.java:411: warning: [removal] putLong(Object,long,long) in Unsafe has been deprecated and marked for removal
      unsafe.putLong(buffer, byteArrayOffset + pos, value);
            ^
  /home/johannes/IdeaProjects/sirix/bundles/sirix-core/src/test/java/io/sirix/io/TestSerialisationPerf.java:416: warning: [removal] getLong(Object,long) in Unsafe has been deprecated and marked for removal
      long value = unsafe.getLong(buffer, byteArrayOffset + pos);
                         ^
  /home/johannes/IdeaProjects/sirix/bundles/sirix-core/src/test/java/io/sirix/io/TestSerialisationPerf.java:426: warning: [removal] copyMemory(Object,long,Object,long,long) in Unsafe has been deprecated and marked for removal
      unsafe.copyMemory(values, longArrayOffset, buffer, byteArrayOffset
            ^
  /home/johannes/IdeaProjects/sirix/bundles/sirix-core/src/test/java/io/sirix/io/TestSerialisationPerf.java:436: warning: [removal] copyMemory(Object,long,Object,long,long) in Unsafe has been deprecated and marked for removal
      unsafe.copyMemory(buffer, byteArrayOffset + pos, values,
            ^
  /home/johannes/IdeaProjects/sirix/bundles/sirix-core/src/test/java/io/sirix/io/TestSerialisationPerf.java:447: warning: [removal] copyMemory(Object,long,Object,long,long) in Unsafe has been deprecated and marked for removal
      unsafe.copyMemory(values, doubleArrayOffset, buffer, byteArrayOffset
            ^
  /home/johannes/IdeaProjects/sirix/bundles/sirix-core/src/test/java/io/sirix/io/TestSerialisationPerf.java:457: warning: [removal] copyMemory(Object,long,Object,long,long) in Unsafe has been deprecated and marked for removal
      unsafe.copyMemory(buffer, byteArrayOffset + pos, values,
            ^
  Note: Some input files use unchecked or unsafe operations.
  /home/johannes/IdeaProjects/sirix/bundles/sirix-core/src/test/java/io/sirix/axis/concurrent/ConcurrentAxisTest.java:87: error: cannot find symbol
        var bufferManager = holder.getResourceSession().getResourceManager().getBufferManager();
                                                       ^
    symbol:   method getResourceManager()
    location: interface XmlResourceSession
  1 error
  13 warnings

* Try:
> Check your code and dependencies to fix the compilation error(s)
> Run with --scan to generate a Build Scan (Powered by Develocity).

Deprecated Gradle features were used in this build, making it incompatible with Gradle 10.

You can use '--warning-mode all' to show the individual deprecation warnings and determine if they come from your own scripts or plugins.

For more on this, please refer to https://docs.gradle.org/9.1.0/userguide/command_line_interface.html#sec:command_line_warnings in the Gradle documentation.

BUILD FAILED in 3s
4 actionable tasks: 4 executed
