WARNING: A restricted method in java.lang.System has been called
WARNING: java.lang.System::load has been called by net.rubygrapefruit.platform.internal.NativeLibraryLoader in an unnamed module (file:/home/johannes/.gradle/wrapper/dists/gradle-9.1.0-bin/9agqghryom9wkf8r80qlhnts3/gradle-9.1.0/lib/native-platform-0.22-milestone-28.jar)
WARNING: Use --enable-native-access=ALL-UNNAMED to avoid a warning for callers in this module
WARNING: Restricted methods will be blocked in a future release unless native access is enabled


> Task :sirix-core:compileJava
/home/johannes/IdeaProjects/sirix/bundles/sirix-core/src/main/java/io/sirix/page/KeyValueLeafPage.java:1000: warning: [removal] finalize() in Object has been deprecated and marked for removal
  protected void finalize() {
                 ^
Note: Some input files use or override a deprecated API.
Note: Recompile with -Xlint:deprecation for details.
Note: Some input files use unchecked or unsafe operations.
Note: Recompile with -Xlint:unchecked for details.
1 warning

> Task :sirix-core:processResources UP-TO-DATE
> Task :sirix-core:classes
> Task :sirix-core:compileTestJava
> Task :sirix-core:processTestResources UP-TO-DATE
> Task :sirix-core:testClasses
WARNING: A restricted method in java.lang.foreign.Linker has been called
WARNING: java.lang.foreign.Linker::downcallHandle has been called by io.sirix.cache.LinuxMemorySegmentAllocator in an unnamed module (file:/home/johannes/IdeaProjects/sirix/bundles/sirix-core/build/classes/java/main/)
WARNING: Use --enable-native-access=ALL-UNNAMED to avoid a warning for callers in this module
WARNING: Restricted methods will be blocked in a future release unless native access is enabled

WARNING: A terminally deprecated method in sun.misc.Unsafe has been called
WARNING: sun.misc.Unsafe::arrayBaseOffset has been called by net.openhft.hashing.UnsafeAccess (file:/home/johannes/.gradle/caches/modules-2/files-2.1/net.openhft/zero-allocation-hashing/0.16/ca252f328160ed5d027f100a4fe525d6d21daaf/zero-allocation-hashing-0.16.jar)
WARNING: Please consider reporting this to the maintainers of class net.openhft.hashing.UnsafeAccess
WARNING: sun.misc.Unsafe::arrayBaseOffset will be removed in a future release
18:43:42.958 [Thread-3] INFO  i.s.c.LinuxMemorySegmentAllocator - Shutting down LinuxMemorySegmentAllocator...
18:43:42.958 [Thread-3] INFO  i.s.c.LinuxMemorySegmentAllocator - LinuxMemorySegmentAllocator shutdown complete.

> Task :sirix-core:test FAILED

PinCountDiagnosticsTest > testPinCountLeakDiagnostics STANDARD_OUT
    18:43:42.307 [Test worker] INFO  i.s.c.LinuxMemorySegmentAllocator - ========== Initializing UmbraDB-Style Memory Allocator ==========
    18:43:42.309 [Test worker] INFO  i.s.c.LinuxMemorySegmentAllocator - Physical memory limit: 2048 MB
    18:43:42.310 [Test worker] INFO  i.s.c.LinuxMemorySegmentAllocator - Detected base page size: 4096 bytes
    18:43:42.311 [Test worker] INFO  i.s.c.LinuxMemorySegmentAllocator - Detected huge page size: 2 MB
    18:43:42.311 [Test worker] INFO  i.s.c.LinuxMemorySegmentAllocator - Virtual address space required: 14 GB
    18:43:42.311 [Test worker] INFO  i.s.c.LinuxMemorySegmentAllocator - Pre-allocating virtual memory regions...
    18:43:42.312 [Test worker] INFO  i.s.c.LinuxMemorySegmentAllocator - Pre-allocated 2 GB virtual region for size class 0 (4096 bytes per segment)
    18:43:42.339 [Test worker] INFO  i.s.c.LinuxMemorySegmentAllocator - Pool 0 initialized with 524288 pre-allocated segments
    18:43:42.340 [Test worker] INFO  i.s.c.LinuxMemorySegmentAllocator - Pre-allocated 2 GB virtual region for size class 1 (8192 bytes per segment)
    18:43:42.348 [Test worker] INFO  i.s.c.LinuxMemorySegmentAllocator - Pool 1 initialized with 262144 pre-allocated segments
    18:43:42.348 [Test worker] INFO  i.s.c.LinuxMemorySegmentAllocator - Pre-allocated 2 GB virtual region for size class 2 (16384 bytes per segment)
    18:43:42.352 [Test worker] INFO  i.s.c.LinuxMemorySegmentAllocator - Pool 2 initialized with 131072 pre-allocated segments
    18:43:42.352 [Test worker] INFO  i.s.c.LinuxMemorySegmentAllocator - Pre-allocated 2 GB virtual region for size class 3 (32768 bytes per segment)
    18:43:42.354 [Test worker] INFO  i.s.c.LinuxMemorySegmentAllocator - Pool 3 initialized with 65536 pre-allocated segments
    18:43:42.354 [Test worker] INFO  i.s.c.LinuxMemorySegmentAllocator - Pre-allocated 2 GB virtual region for size class 4 (65536 bytes per segment)
    18:43:42.355 [Test worker] INFO  i.s.c.LinuxMemorySegmentAllocator - Pool 4 initialized with 32768 pre-allocated segments
    18:43:42.356 [Test worker] INFO  i.s.c.LinuxMemorySegmentAllocator - Pre-allocated 2 GB virtual region for size class 5 (131072 bytes per segment)
    18:43:42.356 [Test worker] INFO  i.s.c.LinuxMemorySegmentAllocator - Pool 5 initialized with 16384 pre-allocated segments
    18:43:42.356 [Test worker] INFO  i.s.c.LinuxMemorySegmentAllocator - Pre-allocated 2 GB virtual region for size class 6 (262144 bytes per segment)
    18:43:42.357 [Test worker] INFO  i.s.c.LinuxMemorySegmentAllocator - Pool 6 initialized with 8192 pre-allocated segments
    18:43:42.357 [Test worker] INFO  i.s.c.LinuxMemorySegmentAllocator - =================================================================
    18:43:42.357 [Test worker] INFO  i.s.c.LinuxMemorySegmentAllocator - Allocator initialized successfully:
    18:43:42.357 [Test worker] INFO  i.s.c.LinuxMemorySegmentAllocator -   - Base page size: 4096 bytes
    18:43:42.357 [Test worker] INFO  i.s.c.LinuxMemorySegmentAllocator -   - Huge page size: 2 MB (available)
    18:43:42.357 [Test worker] INFO  i.s.c.LinuxMemorySegmentAllocator -   - Virtual memory mapped: 14 GB (across 7 size classes)
    18:43:42.357 [Test worker] INFO  i.s.c.LinuxMemorySegmentAllocator -   - Physical memory limit: 2048 MB
    18:43:42.357 [Test worker] INFO  i.s.c.LinuxMemorySegmentAllocator -   - Segment size classes: [4096, 8192, 16384, 32768, 65536, 131072, 262144]
    18:43:42.357 [Test worker] INFO  i.s.c.LinuxMemorySegmentAllocator - =================================================================
    18:43:42.368 [Test worker] INFO  i.s.c.LinuxMemorySegmentAllocator - Cleaning up allocator (physical memory: 0 MB)
    18:43:42.397 [Test worker] INFO  i.s.c.LinuxMemorySegmentAllocator - LinuxMemorySegmentAllocator cleanup complete
    18:43:42.398 [Test worker] INFO  i.s.c.LinuxMemorySegmentAllocator - ========== Initializing UmbraDB-Style Memory Allocator ==========
    18:43:42.398 [Test worker] INFO  i.s.c.LinuxMemorySegmentAllocator - Physical memory limit: 2048 MB
    18:43:42.398 [Test worker] INFO  i.s.c.LinuxMemorySegmentAllocator - Detected base page size: 4096 bytes
    18:43:42.399 [Test worker] INFO  i.s.c.LinuxMemorySegmentAllocator - Detected huge page size: 2 MB
    18:43:42.399 [Test worker] INFO  i.s.c.LinuxMemorySegmentAllocator - Virtual address space required: 14 GB
    18:43:42.399 [Test worker] INFO  i.s.c.LinuxMemorySegmentAllocator - Pre-allocating virtual memory regions...
    18:43:42.399 [Test worker] INFO  i.s.c.LinuxMemorySegmentAllocator - Pre-allocated 2 GB virtual region for size class 0 (4096 bytes per segment)
    18:43:42.417 [Test worker] INFO  i.s.c.LinuxMemorySegmentAllocator - Pool 0 initialized with 524288 pre-allocated segments
    18:43:42.417 [Test worker] INFO  i.s.c.LinuxMemorySegmentAllocator - Pre-allocated 2 GB virtual region for size class 1 (8192 bytes per segment)
    18:43:42.425 [Test worker] INFO  i.s.c.LinuxMemorySegmentAllocator - Pool 1 initialized with 262144 pre-allocated segments
    18:43:42.426 [Test worker] INFO  i.s.c.LinuxMemorySegmentAllocator - Pre-allocated 2 GB virtual region for size class 2 (16384 bytes per segment)
    18:43:42.429 [Test worker] INFO  i.s.c.LinuxMemorySegmentAllocator - Pool 2 initialized with 131072 pre-allocated segments
    18:43:42.430 [Test worker] INFO  i.s.c.LinuxMemorySegmentAllocator - Pre-allocated 2 GB virtual region for size class 3 (32768 bytes per segment)
    18:43:42.431 [Test worker] INFO  i.s.c.LinuxMemorySegmentAllocator - Pool 3 initialized with 65536 pre-allocated segments
    18:43:42.432 [Test worker] INFO  i.s.c.LinuxMemorySegmentAllocator - Pre-allocated 2 GB virtual region for size class 4 (65536 bytes per segment)
    18:43:42.433 [Test worker] INFO  i.s.c.LinuxMemorySegmentAllocator - Pool 4 initialized with 32768 pre-allocated segments
    18:43:42.433 [Test worker] INFO  i.s.c.LinuxMemorySegmentAllocator - Pre-allocated 2 GB virtual region for size class 5 (131072 bytes per segment)
    18:43:42.433 [Test worker] INFO  i.s.c.LinuxMemorySegmentAllocator - Pool 5 initialized with 16384 pre-allocated segments
    18:43:42.433 [Test worker] INFO  i.s.c.LinuxMemorySegmentAllocator - Pre-allocated 2 GB virtual region for size class 6 (262144 bytes per segment)
    18:43:42.434 [Test worker] INFO  i.s.c.LinuxMemorySegmentAllocator - Pool 6 initialized with 8192 pre-allocated segments
    18:43:42.434 [Test worker] INFO  i.s.c.LinuxMemorySegmentAllocator - =================================================================
    18:43:42.434 [Test worker] INFO  i.s.c.LinuxMemorySegmentAllocator - Allocator initialized successfully:
    18:43:42.434 [Test worker] INFO  i.s.c.LinuxMemorySegmentAllocator -   - Base page size: 4096 bytes
    18:43:42.434 [Test worker] INFO  i.s.c.LinuxMemorySegmentAllocator -   - Huge page size: 2 MB (available)
    18:43:42.434 [Test worker] INFO  i.s.c.LinuxMemorySegmentAllocator -   - Virtual memory mapped: 14 GB (across 7 size classes)
    18:43:42.434 [Test worker] INFO  i.s.c.LinuxMemorySegmentAllocator -   - Physical memory limit: 2048 MB
    18:43:42.434 [Test worker] INFO  i.s.c.LinuxMemorySegmentAllocator -   - Segment size classes: [4096, 8192, 16384, 32768, 65536, 131072, 262144]
    18:43:42.434 [Test worker] INFO  i.s.c.LinuxMemorySegmentAllocator - =================================================================

PinCountDiagnosticsTest > testPinCountLeakDiagnostics STANDARD_ERROR
    [DiagnosticLogger] Initializing... LOG_FILE=/home/johannes/IdeaProjects/sirix/memory-leak-diagnostic.log
    [DiagnosticLogger] user.home=/home/johannes
    [DiagnosticLogger] Parent dirs created/exist: false
    [DiagnosticLogger] SUCCESS: Logging initialized at /home/johannes/IdeaProjects/sirix/memory-leak-diagnostic.log

PinCountDiagnosticsTest > testPinCountLeakDiagnostics STANDARD_OUT
    [DiagnosticLogger] Log file: /home/johannes/IdeaProjects/sirix/memory-leak-diagnostic.log

PinCountDiagnosticsTest > testPinCountLeakDiagnostics STANDARD_ERROR

    âš ï¸  WARNING: Transaction 1 closing with 4 pinned pages!
        Total leaked memory: 0.03125 MB
        - Page 0 (rev 0, type RECORD_TO_REVISIONS): pinCount=1
        - Page 0 (rev 0, type NAME): pinCount=1
        - Page 0 (rev 0, type PATH_SUMMARY): pinCount=1
        - Page 0 (rev 0, type DOCUMENT): pinCount=1

    âš ï¸  WARNING: Transaction 1 closing with 5 pinned pages!
        Total leaked memory: 0.15625 MB
        - Page 0 (rev 1, type DOCUMENT): pinCount=1
        - Page 0 (rev 0, type RECORD_TO_REVISIONS): pinCount=1
        - Page 0 (rev 0, type NAME): pinCount=1
        - Page 0 (rev 0, type PATH_SUMMARY): pinCount=1
        - Page 0 (rev 0, type DOCUMENT): pinCount=1

    âš ï¸  WARNING: Transaction 1 closing with 5 pinned pages!
        Total leaked memory: 0.15625 MB
        - Page 0 (rev 1, type NAME): pinCount=1
        - Page 0 (rev 0, type RECORD_TO_REVISIONS): pinCount=1
        - Page 0 (rev 0, type NAME): pinCount=1
        - Page 0 (rev 0, type PATH_SUMMARY): pinCount=1
        - Page 0 (rev 0, type DOCUMENT): pinCount=1

    âš ï¸  WARNING: Transaction 1 closing with 5 pinned pages!
        Total leaked memory: 0.15625 MB
        - Page 0 (rev 1, type NAME): pinCount=1
        - Page 0 (rev 0, type RECORD_TO_REVISIONS): pinCount=1
        - Page 0 (rev 0, type NAME): pinCount=1
        - Page 0 (rev 0, type PATH_SUMMARY): pinCount=1
        - Page 0 (rev 0, type DOCUMENT): pinCount=1

    ========================================
    INITIAL STATE - Before any reads
    ========================================
    === Pin Count Diagnostic Report ===
    Total Pages: 10
    Pinned Pages: 5 (50.0%)
    Unpinned Pages: 5 (50.0%)
    Total Memory: 0.51 MB
    Pinned Memory: 0.16 MB (30.5%)
    Unpinned Memory: 0.36 MB (69.5%)

    Pin Count Distribution:
      Pin Count 0: 5 pages
      Pin Count 1: 5 pages

    Top Pinned Pages (showing 5):
      Page 0 (rev 1, type NAME): pinCount=1, memory=128.00 KB, transactions={1=1}
      Page 0 (rev 0, type RECORD_TO_REVISIONS): pinCount=1, memory=8.00 KB, transactions={1=1}
      Page 0 (rev 0, type NAME): pinCount=1, memory=8.00 KB, transactions={1=1}
      Page 0 (rev 0, type PATH_SUMMARY): pinCount=1, memory=8.00 KB, transactions={1=1}
      Page 0 (rev 0, type DOCUMENT): pinCount=1, memory=8.00 KB, transactions={1=1}


    Iteration 1: Scanned 913 nodes

    âš ï¸  WARNING: Transaction 1 closing with 5 pinned pages!
        Total leaked memory: 0.15625 MB
        - Page 0 (rev 1, type NAME): pinCount=1
        - Page 0 (rev 0, type RECORD_TO_REVISIONS): pinCount=1
        - Page 0 (rev 0, type NAME): pinCount=1
        - Page 0 (rev 0, type PATH_SUMMARY): pinCount=1
        - Page 0 (rev 0, type DOCUMENT): pinCount=1

    Iteration 2: Scanned 913 nodes

    âš ï¸  WARNING: Transaction 1 closing with 5 pinned pages!
        Total leaked memory: 0.15625 MB
        - Page 0 (rev 1, type NAME): pinCount=1
        - Page 0 (rev 0, type RECORD_TO_REVISIONS): pinCount=1
        - Page 0 (rev 0, type NAME): pinCount=1
        - Page 0 (rev 0, type PATH_SUMMARY): pinCount=1
        - Page 0 (rev 0, type DOCUMENT): pinCount=1

    Iteration 3: Scanned 913 nodes

    âš ï¸  WARNING: Transaction 1 closing with 5 pinned pages!
        Total leaked memory: 0.15625 MB
        - Page 0 (rev 1, type NAME): pinCount=1
        - Page 0 (rev 0, type RECORD_TO_REVISIONS): pinCount=1
        - Page 0 (rev 0, type NAME): pinCount=1
        - Page 0 (rev 0, type PATH_SUMMARY): pinCount=1
        - Page 0 (rev 0, type DOCUMENT): pinCount=1

    Iteration 4: Scanned 913 nodes

    âš ï¸  WARNING: Transaction 1 closing with 5 pinned pages!
        Total leaked memory: 0.15625 MB
        - Page 0 (rev 1, type NAME): pinCount=1
        - Page 0 (rev 0, type RECORD_TO_REVISIONS): pinCount=1
        - Page 0 (rev 0, type NAME): pinCount=1
        - Page 0 (rev 0, type PATH_SUMMARY): pinCount=1
        - Page 0 (rev 0, type DOCUMENT): pinCount=1

    Iteration 5: Scanned 913 nodes

    âš ï¸  WARNING: Transaction 1 closing with 5 pinned pages!
        Total leaked memory: 0.15625 MB
        - Page 0 (rev 1, type NAME): pinCount=1
        - Page 0 (rev 0, type RECORD_TO_REVISIONS): pinCount=1
        - Page 0 (rev 0, type NAME): pinCount=1
        - Page 0 (rev 0, type PATH_SUMMARY): pinCount=1
        - Page 0 (rev 0, type DOCUMENT): pinCount=1

    ========================================
    AFTER ITERATION 5
    ========================================
    === Pin Count Diagnostic Report ===
    Total Pages: 10
    Pinned Pages: 5 (50.0%)
    Unpinned Pages: 5 (50.0%)
    Total Memory: 0.51 MB
    Pinned Memory: 0.16 MB (30.5%)
    Unpinned Memory: 0.36 MB (69.5%)

    Pin Count Distribution:
      Pin Count 0: 5 pages
      Pin Count 1: 5 pages

    Top Pinned Pages (showing 5):
      Page 0 (rev 1, type NAME): pinCount=1, memory=128.00 KB, transactions={1=1}
      Page 0 (rev 0, type RECORD_TO_REVISIONS): pinCount=1, memory=8.00 KB, transactions={1=1}
      Page 0 (rev 0, type NAME): pinCount=1, memory=8.00 KB, transactions={1=1}
      Page 0 (rev 0, type PATH_SUMMARY): pinCount=1, memory=8.00 KB, transactions={1=1}
      Page 0 (rev 0, type DOCUMENT): pinCount=1, memory=8.00 KB, transactions={1=1}


    ðŸ”´ CRITICAL: 5 PINNED pages found!
       This indicates PINNING BUGS - pages not being unpinned.
       Total pinned memory: 0.15625 MB

    Iteration 6: Scanned 913 nodes

    âš ï¸  WARNING: Transaction 1 closing with 5 pinned pages!
        Total leaked memory: 0.15625 MB
        - Page 0 (rev 1, type NAME): pinCount=1
        - Page 0 (rev 0, type RECORD_TO_REVISIONS): pinCount=1
        - Page 0 (rev 0, type NAME): pinCount=1
        - Page 0 (rev 0, type PATH_SUMMARY): pinCount=1
        - Page 0 (rev 0, type DOCUMENT): pinCount=1

    Iteration 7: Scanned 913 nodes

    âš ï¸  WARNING: Transaction 1 closing with 5 pinned pages!
        Total leaked memory: 0.15625 MB
        - Page 0 (rev 1, type NAME): pinCount=1
        - Page 0 (rev 0, type RECORD_TO_REVISIONS): pinCount=1
        - Page 0 (rev 0, type NAME): pinCount=1
        - Page 0 (rev 0, type PATH_SUMMARY): pinCount=1
        - Page 0 (rev 0, type DOCUMENT): pinCount=1

    Iteration 8: Scanned 913 nodes

    âš ï¸  WARNING: Transaction 1 closing with 5 pinned pages!
        Total leaked memory: 0.15625 MB
        - Page 0 (rev 1, type NAME): pinCount=1
        - Page 0 (rev 0, type RECORD_TO_REVISIONS): pinCount=1
        - Page 0 (rev 0, type NAME): pinCount=1
        - Page 0 (rev 0, type PATH_SUMMARY): pinCount=1
        - Page 0 (rev 0, type DOCUMENT): pinCount=1

    Iteration 9: Scanned 913 nodes

    âš ï¸  WARNING: Transaction 1 closing with 5 pinned pages!
        Total leaked memory: 0.15625 MB
        - Page 0 (rev 1, type NAME): pinCount=1
        - Page 0 (rev 0, type RECORD_TO_REVISIONS): pinCount=1
        - Page 0 (rev 0, type NAME): pinCount=1
        - Page 0 (rev 0, type PATH_SUMMARY): pinCount=1
        - Page 0 (rev 0, type DOCUMENT): pinCount=1

    Iteration 10: Scanned 913 nodes

    âš ï¸  WARNING: Transaction 1 closing with 5 pinned pages!
        Total leaked memory: 0.15625 MB
        - Page 0 (rev 1, type NAME): pinCount=1
        - Page 0 (rev 0, type RECORD_TO_REVISIONS): pinCount=1
        - Page 0 (rev 0, type NAME): pinCount=1
        - Page 0 (rev 0, type PATH_SUMMARY): pinCount=1
        - Page 0 (rev 0, type DOCUMENT): pinCount=1

    ========================================
    AFTER ITERATION 10
    ========================================
    === Pin Count Diagnostic Report ===
    Total Pages: 10
    Pinned Pages: 5 (50.0%)
    Unpinned Pages: 5 (50.0%)
    Total Memory: 0.51 MB
    Pinned Memory: 0.16 MB (30.5%)
    Unpinned Memory: 0.36 MB (69.5%)

    Pin Count Distribution:
      Pin Count 0: 5 pages
      Pin Count 1: 5 pages

    Top Pinned Pages (showing 5):
      Page 0 (rev 1, type NAME): pinCount=1, memory=128.00 KB, transactions={1=1}
      Page 0 (rev 0, type RECORD_TO_REVISIONS): pinCount=1, memory=8.00 KB, transactions={1=1}
      Page 0 (rev 0, type NAME): pinCount=1, memory=8.00 KB, transactions={1=1}
      Page 0 (rev 0, type PATH_SUMMARY): pinCount=1, memory=8.00 KB, transactions={1=1}
      Page 0 (rev 0, type DOCUMENT): pinCount=1, memory=8.00 KB, transactions={1=1}


    ðŸ”´ CRITICAL: 5 PINNED pages found!
       This indicates PINNING BUGS - pages not being unpinned.
       Total pinned memory: 0.15625 MB

    ========================================
    FINAL STATE - After 10 iterations
    ========================================
    === Pin Count Diagnostic Report ===
    Total Pages: 10
    Pinned Pages: 5 (50.0%)
    Unpinned Pages: 5 (50.0%)
    Total Memory: 0.51 MB
    Pinned Memory: 0.16 MB (30.5%)
    Unpinned Memory: 0.36 MB (69.5%)

    Pin Count Distribution:
      Pin Count 0: 5 pages
      Pin Count 1: 5 pages

    Top Pinned Pages (showing 5):
      Page 0 (rev 1, type NAME): pinCount=1, memory=128.00 KB, transactions={1=1}
      Page 0 (rev 0, type RECORD_TO_REVISIONS): pinCount=1, memory=8.00 KB, transactions={1=1}
      Page 0 (rev 0, type NAME): pinCount=1, memory=8.00 KB, transactions={1=1}
      Page 0 (rev 0, type PATH_SUMMARY): pinCount=1, memory=8.00 KB, transactions={1=1}
      Page 0 (rev 0, type DOCUMENT): pinCount=1, memory=8.00 KB, transactions={1=1}


    ========================================
    DIAGNOSTIC VERDICT
    ========================================
    ðŸ”´ ROOT CAUSE: PINNING BUGS
       Pages remain pinned when they should be unpinned.
       Fix: Audit incrementPinCount/decrementPinCount pairs.
       Pinned pages: 5
       Pinned memory: 0.15625 MB

PinCountDiagnosticsTest > testPinCountLeakDiagnostics STANDARD_OUT
    18:43:42.900 [Test worker] INFO  i.s.c.LinuxMemorySegmentAllocator - Cleaning up allocator (physical memory: 0 MB)
    18:43:42.928 [Test worker] INFO  i.s.c.LinuxMemorySegmentAllocator - LinuxMemorySegmentAllocator cleanup complete

PinCountDiagnosticsTest > testPinCountLeakDiagnostics FAILED
    java.lang.AssertionError: Pinning bugs detected: 5 pages remain pinned
        at org.junit.Assert.fail(Assert.java:89)
        at io.sirix.cache.PinCountDiagnosticsTest.testPinCountLeakDiagnostics(PinCountDiagnosticsTest.java:152)

1 test completed, 1 failed

[Incubating] Problems report is available at: file:///home/johannes/IdeaProjects/sirix/build/reports/problems/problems-report.html

FAILURE: Build failed with an exception.

* What went wrong:
Execution failed for task ':sirix-core:test'.
> There were failing tests. See the report at: file:///home/johannes/IdeaProjects/sirix/bundles/sirix-core/build/reports/tests/test/index.html

* Try:
> Run with --scan to generate a Build Scan (Powered by Develocity).

Deprecated Gradle features were used in this build, making it incompatible with Gradle 10.

You can use '--warning-mode all' to show the individual deprecation warnings and determine if they come from your own scripts or plugins.

For more on this, please refer to https://docs.gradle.org/9.1.0/userguide/command_line_interface.html#sec:command_line_warnings in the Gradle documentation.

BUILD FAILED in 3s
5 actionable tasks: 3 executed, 2 up-to-date
