Kotlin does not yet support 25 JDK target, falling back to Kotlin JVM_24 JVM target
Kotlin does not yet support 25 JDK target, falling back to Kotlin JVM_24 JVM target
> Task :sirix-query:cleanTest
> Task :sirix-core:compileJava UP-TO-DATE
> Task :sirix-query:checkKotlinGradlePluginConfigurationErrors SKIPPED
> Task :sirix-query:compileKotlin NO-SOURCE
> Task :sirix-query:compileJava UP-TO-DATE
> Task :sirix-query:processResources UP-TO-DATE
> Task :sirix-query:classes UP-TO-DATE
> Task :sirix-query:generatePomFileForMavenPublication
> Task :sirix-query:jar UP-TO-DATE
> Task :sirix-core:processResources UP-TO-DATE
> Task :sirix-core:classes UP-TO-DATE
> Task :sirix-core:generatePomFileForMavenPublication
> Task :sirix-core:jar UP-TO-DATE
> Task :sirix-core:compileTestJava UP-TO-DATE
> Task :sirix-core:processTestResources UP-TO-DATE
> Task :sirix-core:testClasses UP-TO-DATE
> Task :sirix-core:testsJar UP-TO-DATE
> Task :sirix-query:compileTestKotlin NO-SOURCE
> Task :sirix-query:compileTestJava UP-TO-DATE
> Task :sirix-query:processTestResources UP-TO-DATE
> Task :sirix-query:testClasses UP-TO-DATE
[1,814s][info   ][gc      ] GC(0) Major Collection (Metadata GC Threshold)
[1,851s][info   ][gc      ] GC(0) Major Collection (Metadata GC Threshold) 110M(1%)->64M(1%) 0,037s

> Task :sirix-query:test
[0.002s][warning][pagesize] UseLargePages disabled, no large pages configured and available on the system.
[1.108s][info   ][gc      ] Using The Z Garbage Collector

[4,080s][info   ][gc      ] GC(1) Major Collection (Warmup)
[4,383s][info   ][gc      ] GC(1) Major Collection (Warmup) 1230M(10%)->584M(5%) 0,304s
[5,578s][info   ][gc      ] GC(2) Major Collection (System.gc())
[6,099s][info   ][gc      ] GC(2) Major Collection (System.gc()) 1742M(14%)->424M(3%) 0,521s

[Incubating] Problems report is available at: file:///home/johannes/IdeaProjects/sirix/build/reports/problems/problems-report.html

Deprecated Gradle features were used in this build, making it incompatible with Gradle 10.

You can use '--warning-mode all' to show the individual deprecation warnings and determine if they come from your own scripts or plugins.

For more on this, please refer to https://docs.gradle.org/9.1.0/userguide/command_line_interface.html#sec:command_line_warnings in the Gradle documentation.

BUILD SUCCESSFUL in 8s
15 actionable tasks: 4 executed, 11 up-to-date
Consider enabling configuration cache to speed up this build: https://docs.gradle.org/9.1.0/userguide/configuration_cache_enabling.html
