WARNING: A restricted method in java.lang.System has been called
WARNING: java.lang.System::load has been called by net.rubygrapefruit.platform.internal.NativeLibraryLoader in an unnamed module (file:/home/johannes/.gradle/wrapper/dists/gradle-9.1.0-bin/9agqghryom9wkf8r80qlhnts3/gradle-9.1.0/lib/native-platform-0.22-milestone-28.jar)
WARNING: Use --enable-native-access=ALL-UNNAMED to avoid a warning for callers in this module
WARNING: Restricted methods will be blocked in a future release unless native access is enabled

Kotlin does not yet support 25 JDK target, falling back to Kotlin JVM_24 JVM target
Kotlin does not yet support 25 JDK target, falling back to Kotlin JVM_24 JVM target

> Task :sirix-core:compileJava
/home/johannes/IdeaProjects/sirix/bundles/sirix-core/src/main/java/io/sirix/cache/TransactionIntentLog.java:261: warning: [removal] finalize() in Object has been deprecated and marked for removal
  protected void finalize() {
                 ^
/home/johannes/IdeaProjects/sirix/bundles/sirix-core/src/main/java/io/sirix/page/KeyValueLeafPage.java:1066: warning: [removal] finalize() in Object has been deprecated and marked for removal
  protected void finalize() {
                 ^
/home/johannes/IdeaProjects/sirix/bundles/sirix-core/src/main/java/io/sirix/access/trx/page/NodePageTrx.java:774: warning: [removal] finalize() in Object has been deprecated and marked for removal
  protected void finalize() {
                 ^
Note: Some input files use or override a deprecated API.
Note: Recompile with -Xlint:deprecation for details.
Note: Some input files use unchecked or unsafe operations.
Note: Recompile with -Xlint:unchecked for details.
3 warnings

> Task :sirix-query:checkKotlinGradlePluginConfigurationErrors SKIPPED
> Task :sirix-query:compileKotlin NO-SOURCE

> Task :sirix-query:compileJava
Note: Some input files use unchecked or unsafe operations.
Note: Recompile with -Xlint:unchecked for details.

> Task :sirix-query:processResources
> Task :sirix-query:classes
> Task :sirix-query:generatePomFileForMavenPublication
> Task :sirix-query:jar
> Task :sirix-core:processResources
> Task :sirix-core:classes
> Task :sirix-core:generatePomFileForMavenPublication
> Task :sirix-core:jar

> Task :sirix-core:compileTestJava
/home/johannes/IdeaProjects/sirix/bundles/sirix-core/src/test/java/io/sirix/io/TestSerialisationPerf.java:361: warning: [removal] arrayBaseOffset(Class<?>) in Unsafe has been deprecated and marked for removal
      .arrayBaseOffset(byte[].class);
      ^
/home/johannes/IdeaProjects/sirix/bundles/sirix-core/src/test/java/io/sirix/io/TestSerialisationPerf.java:363: warning: [removal] arrayBaseOffset(Class<?>) in Unsafe has been deprecated and marked for removal
      .arrayBaseOffset(long[].class);
      ^
/home/johannes/IdeaProjects/sirix/bundles/sirix-core/src/test/java/io/sirix/io/TestSerialisationPerf.java:365: warning: [removal] arrayBaseOffset(Class<?>) in Unsafe has been deprecated and marked for removal
      .arrayBaseOffset(double[].class);
      ^
/home/johannes/IdeaProjects/sirix/bundles/sirix-core/src/test/java/io/sirix/io/TestSerialisationPerf.java:387: warning: [removal] putBoolean(Object,long,boolean) in Unsafe has been deprecated and marked for removal
    unsafe.putBoolean(buffer, byteArrayOffset + pos, value);
          ^
/home/johannes/IdeaProjects/sirix/bundles/sirix-core/src/test/java/io/sirix/io/TestSerialisationPerf.java:392: warning: [removal] getBoolean(Object,long) in Unsafe has been deprecated and marked for removal
    boolean value = unsafe.getBoolean(buffer, byteArrayOffset + pos);
                          ^
/home/johannes/IdeaProjects/sirix/bundles/sirix-core/src/test/java/io/sirix/io/TestSerialisationPerf.java:399: warning: [removal] putInt(Object,long,int) in Unsafe has been deprecated and marked for removal
    unsafe.putInt(buffer, byteArrayOffset + pos, value);
          ^
/home/johannes/IdeaProjects/sirix/bundles/sirix-core/src/test/java/io/sirix/io/TestSerialisationPerf.java:404: warning: [removal] getInt(Object,long) in Unsafe has been deprecated and marked for removal
    int value = unsafe.getInt(buffer, byteArrayOffset + pos);
                      ^
/home/johannes/IdeaProjects/sirix/bundles/sirix-core/src/test/java/io/sirix/io/TestSerialisationPerf.java:411: warning: [removal] putLong(Object,long,long) in Unsafe has been deprecated and marked for removal
    unsafe.putLong(buffer, byteArrayOffset + pos, value);
          ^
/home/johannes/IdeaProjects/sirix/bundles/sirix-core/src/test/java/io/sirix/io/TestSerialisationPerf.java:416: warning: [removal] getLong(Object,long) in Unsafe has been deprecated and marked for removal
    long value = unsafe.getLong(buffer, byteArrayOffset + pos);
                       ^
/home/johannes/IdeaProjects/sirix/bundles/sirix-core/src/test/java/io/sirix/io/TestSerialisationPerf.java:426: warning: [removal] copyMemory(Object,long,Object,long,long) in Unsafe has been deprecated and marked for removal
    unsafe.copyMemory(values, longArrayOffset, buffer, byteArrayOffset
          ^
/home/johannes/IdeaProjects/sirix/bundles/sirix-core/src/test/java/io/sirix/io/TestSerialisationPerf.java:436: warning: [removal] copyMemory(Object,long,Object,long,long) in Unsafe has been deprecated and marked for removal
    unsafe.copyMemory(buffer, byteArrayOffset + pos, values,
          ^
/home/johannes/IdeaProjects/sirix/bundles/sirix-core/src/test/java/io/sirix/io/TestSerialisationPerf.java:447: warning: [removal] copyMemory(Object,long,Object,long,long) in Unsafe has been deprecated and marked for removal
    unsafe.copyMemory(values, doubleArrayOffset, buffer, byteArrayOffset
          ^
/home/johannes/IdeaProjects/sirix/bundles/sirix-core/src/test/java/io/sirix/io/TestSerialisationPerf.java:457: warning: [removal] copyMemory(Object,long,Object,long,long) in Unsafe has been deprecated and marked for removal
    unsafe.copyMemory(buffer, byteArrayOffset + pos, values,
          ^
Note: Some input files use or override a deprecated API.
Note: Recompile with -Xlint:deprecation for details.
Note: Some input files use unchecked or unsafe operations.
Note: Recompile with -Xlint:unchecked for details.
13 warnings

> Task :sirix-core:processTestResources
> Task :sirix-core:testClasses
> Task :sirix-core:testsJar
> Task :sirix-query:compileTestKotlin NO-SOURCE

> Task :sirix-query:compileTestJava
Note: Some input files use unchecked or unsafe operations.
Note: Recompile with -Xlint:unchecked for details.

> Task :sirix-query:processTestResources
> Task :sirix-query:testClasses

> Task :sirix-query:test
[0.002s][warning][pagesize] UseLargePages disabled, no large pages configured and available on the system.
[1.250s][info   ][gc      ] Using The Z Garbage Collector

[2,081s][info   ][gc      ] GC(0) Major Collection (Metadata GC Threshold)
[2,123s][info   ][gc      ] GC(0) Major Collection (Metadata GC Threshold) 112M(1%)->58M(0%) 0,042s
WARNING: A terminally deprecated method in sun.misc.Unsafe has been called
WARNING: sun.misc.Unsafe::arrayBaseOffset has been called by net.openhft.hashing.UnsafeAccess (file:/home/johannes/.gradle/caches/modules-2/files-2.1/net.openhft/zero-allocation-hashing/0.16/ca252f328160ed5d027f100a4fe525d6d21daaf/zero-allocation-hashing-0.16.jar)
WARNING: Please consider reporting this to the maintainers of class net.openhft.hashing.UnsafeAccess
WARNING: sun.misc.Unsafe::arrayBaseOffset will be removed in a future release

[Incubating] Problems report is available at: file:///home/johannes/IdeaProjects/sirix/build/reports/problems/problems-report.html

Deprecated Gradle features were used in this build, making it incompatible with Gradle 10.

You can use '--warning-mode all' to show the individual deprecation warnings and determine if they come from your own scripts or plugins.

For more on this, please refer to https://docs.gradle.org/9.1.0/userguide/command_line_interface.html#sec:command_line_warnings in the Gradle documentation.

BUILD SUCCESSFUL in 1m 42s
14 actionable tasks: 14 executed
Consider enabling configuration cache to speed up this build: https://docs.gradle.org/9.1.0/userguide/configuration_cache_enabling.html
